<?xml version="1.0" encoding="UTF-8"?>
<!-- Generated by org.testng.reporters.JUnitReportReporter -->
<testsuite hostname="cce231e4e28c5fa" failures="0" tests="1" name="com.ust.test.FIrstTest" time="11.504" errors="0" timestamp="2023-03-31T00:25:25 IST" skipped="0">
  <testcase classname="com.ust.test.FIrstTest" name="TestGoogle" time="11.504"/>
  <system-out/>
</testsuite> <!-- com.ust.test.FIrstTest -->
